<?xml version="1.0" encoding="UTF-8"?>
<!-- Generated by org.testng.reporters.JUnitReportReporter -->
<testsuite hostname="Himanis-MacBook-Pro.local" failures="0" tests="1" name="CarValuationTest" time="301.340" errors="0" timestamp="2024-12-11T08:05:47 GMT" skipped="0">
  <testcase classname="CarValuationTest" name="compareCarValuation" time="301.340"/>
</testsuite> <!-- CarValuationTest -->
